{"uuid":"679d7c45-f864-4337-acae-e692067b3b69","historyId":"8dacc9a351227dfaf1dd4adc443d4832","fullName":"com.spotify.oauth2.tests.PlaylistTests.ShouldNotBeAbleToCreatePlaylistWithName","labels":[{"name":"package","value":"com.spotify.oauth2.tests.PlaylistTests"},{"name":"testClass","value":"com.spotify.oauth2.tests.PlaylistTests"},{"name":"testMethod","value":"ShouldNotBeAbleToCreatePlaylistWithName"},{"name":"parentSuite","value":"Default Suite"},{"name":"suite","value":"RestAssuredFramework"},{"name":"subSuite","value":"com.spotify.oauth2.tests.PlaylistTests"},{"name":"host","value":"wgin-ntb-195"},{"name":"thread","value":"26724@wgin-ntb-195.main(1)"},{"name":"framework","value":"testng"},{"name":"language","value":"java"},{"name":"feature","value":"Playlist API"},{"name":"epic","value":"Spotify Oauth 2.0"}],"links":[],"name":"ShouldNotBeAbleToCreatePlaylistWithName","status":"failed","statusDetails":{"known":false,"muted":false,"flaky":false,"message":"\nExpected: \"Missing required field: name\"\n     but: was \"Only valid bearer authentication supported\"","trace":"java.lang.AssertionError: \nExpected: \"Missing required field: name\"\n     but: was \"Only valid bearer authentication supported\"\r\n\tat org.hamcrest.MatcherAssert.assertThat(MatcherAssert.java:18)\r\n\tat org.hamcrest.MatcherAssert.assertThat(MatcherAssert.java:6)\r\n\tat com.spotify.oauth2.tests.PlaylistTests.assertError(PlaylistTests.java:50)\r\n\tat com.spotify.oauth2.tests.PlaylistTests.ShouldNotBeAbleToCreatePlaylistWithName(PlaylistTests.java:119)\r\n\tat java.base/jdk.internal.reflect.NativeMethodAccessorImpl.invoke0(Native Method)\r\n\tat java.base/jdk.internal.reflect.NativeMethodAccessorImpl.invoke(NativeMethodAccessorImpl.java:62)\r\n\tat java.base/jdk.internal.reflect.DelegatingMethodAccessorImpl.invoke(DelegatingMethodAccessorImpl.java:43)\r\n\tat java.base/java.lang.reflect.Method.invoke(Method.java:566)\r\n\tat org.testng.internal.invokers.MethodInvocationHelper.invokeMethod(MethodInvocationHelper.java:139)\r\n\tat org.testng.internal.invokers.TestInvoker.invokeMethod(TestInvoker.java:677)\r\n\tat org.testng.internal.invokers.TestInvoker.invokeTestMethod(TestInvoker.java:221)\r\n\tat org.testng.internal.invokers.MethodRunner.runInSequence(MethodRunner.java:50)\r\n\tat org.testng.internal.invokers.TestInvoker$MethodInvocationAgent.invoke(TestInvoker.java:969)\r\n\tat org.testng.internal.invokers.TestInvoker.invokeTestMethods(TestInvoker.java:194)\r\n\tat org.testng.internal.invokers.TestMethodWorker.invokeTestMethods(TestMethodWorker.java:148)\r\n\tat org.testng.internal.invokers.TestMethodWorker.run(TestMethodWorker.java:128)\r\n\tat java.base/java.util.ArrayList.forEach(ArrayList.java:1541)\r\n\tat org.testng.TestRunner.privateRun(TestRunner.java:829)\r\n\tat org.testng.TestRunner.run(TestRunner.java:602)\r\n\tat org.testng.SuiteRunner.runTest(SuiteRunner.java:437)\r\n\tat org.testng.SuiteRunner.runSequentially(SuiteRunner.java:431)\r\n\tat org.testng.SuiteRunner.privateRun(SuiteRunner.java:391)\r\n\tat org.testng.SuiteRunner.run(SuiteRunner.java:330)\r\n\tat org.testng.SuiteRunnerWorker.runSuite(SuiteRunnerWorker.java:52)\r\n\tat org.testng.SuiteRunnerWorker.run(SuiteRunnerWorker.java:95)\r\n\tat org.testng.TestNG.runSuitesSequentially(TestNG.java:1256)\r\n\tat org.testng.TestNG.runSuitesLocally(TestNG.java:1176)\r\n\tat org.testng.TestNG.runSuites(TestNG.java:1099)\r\n\tat org.testng.TestNG.run(TestNG.java:1067)\r\n\tat com.intellij.rt.testng.IDEARemoteTestNG.run(IDEARemoteTestNG.java:66)\r\n\tat com.intellij.rt.testng.RemoteTestNGStarter.main(RemoteTestNGStarter.java:109)\r\n"},"stage":"finished","steps":[{"name":"playlistBuilder","status":"passed","stage":"finished","steps":[],"attachments":[],"parameters":[{"name":"name","value":""},{"name":"description","value":"Description ##3x4iI&x + 4#p_#h+S&&#6 a +B+++.O+&# ++#&4& #&76 "},{"name":"_public","value":"false"}],"start":1693219963024,"stop":1693219963024},{"name":"post","status":"passed","stage":"finished","steps":[],"attachments":[{"name":"Request","source":"02e5b543-bd23-482f-9f54-32cb12870a47-attachment.html","type":"text/html"},{"name":"HTTP/1.1 400 Bad Request","source":"ab90b2cb-5126-44cc-8981-38244eed7a0d-attachment.html","type":"text/html"}],"parameters":[{"name":"requestPlaylist","value":"Playlist(collaborative=null, description=Description ##3x4iI&x + 4#p_#h+S&&#6 a +B+++.O+&# ++#&4& #&76 , externalUrls=null, followers=null, href=null, id=null, images=null, name=, owner=null, primaryColor=null, _public=false, snapshotId=null, tracks=null, type=null, uri=null)"}],"start":1693219963024,"stop":1693219963367},{"name":"assertStatusCode","status":"passed","stage":"finished","steps":[],"attachments":[],"parameters":[{"name":"actualStatusCode","value":"400"},{"name":"statuscode","value":"CODE_400"}],"start":1693219963368,"stop":1693219963368},{"name":"assertError","status":"failed","statusDetails":{"known":false,"muted":false,"flaky":false,"message":"\nExpected: \"Missing required field: name\"\n     but: was \"Only valid bearer authentication supported\"","trace":"java.lang.AssertionError: \nExpected: \"Missing required field: name\"\n     but: was \"Only valid bearer authentication supported\"\r\n\tat org.hamcrest.MatcherAssert.assertThat(MatcherAssert.java:18)\r\n\tat org.hamcrest.MatcherAssert.assertThat(MatcherAssert.java:6)\r\n\tat com.spotify.oauth2.tests.PlaylistTests.assertError(PlaylistTests.java:50)\r\n\tat com.spotify.oauth2.tests.PlaylistTests.ShouldNotBeAbleToCreatePlaylistWithName(PlaylistTests.java:119)\r\n\tat java.base/jdk.internal.reflect.NativeMethodAccessorImpl.invoke0(Native Method)\r\n\tat java.base/jdk.internal.reflect.NativeMethodAccessorImpl.invoke(NativeMethodAccessorImpl.java:62)\r\n\tat java.base/jdk.internal.reflect.DelegatingMethodAccessorImpl.invoke(DelegatingMethodAccessorImpl.java:43)\r\n\tat java.base/java.lang.reflect.Method.invoke(Method.java:566)\r\n\tat org.testng.internal.invokers.MethodInvocationHelper.invokeMethod(MethodInvocationHelper.java:139)\r\n\tat org.testng.internal.invokers.TestInvoker.invokeMethod(TestInvoker.java:677)\r\n\tat org.testng.internal.invokers.TestInvoker.invokeTestMethod(TestInvoker.java:221)\r\n\tat org.testng.internal.invokers.MethodRunner.runInSequence(MethodRunner.java:50)\r\n\tat org.testng.internal.invokers.TestInvoker$MethodInvocationAgent.invoke(TestInvoker.java:969)\r\n\tat org.testng.internal.invokers.TestInvoker.invokeTestMethods(TestInvoker.java:194)\r\n\tat org.testng.internal.invokers.TestMethodWorker.invokeTestMethods(TestMethodWorker.java:148)\r\n\tat org.testng.internal.invokers.TestMethodWorker.run(TestMethodWorker.java:128)\r\n\tat java.base/java.util.ArrayList.forEach(ArrayList.java:1541)\r\n\tat org.testng.TestRunner.privateRun(TestRunner.java:829)\r\n\tat org.testng.TestRunner.run(TestRunner.java:602)\r\n\tat org.testng.SuiteRunner.runTest(SuiteRunner.java:437)\r\n\tat org.testng.SuiteRunner.runSequentially(SuiteRunner.java:431)\r\n\tat org.testng.SuiteRunner.privateRun(SuiteRunner.java:391)\r\n\tat org.testng.SuiteRunner.run(SuiteRunner.java:330)\r\n\tat org.testng.SuiteRunnerWorker.runSuite(SuiteRunnerWorker.java:52)\r\n\tat org.testng.SuiteRunnerWorker.run(SuiteRunnerWorker.java:95)\r\n\tat org.testng.TestNG.runSuitesSequentially(TestNG.java:1256)\r\n\tat org.testng.TestNG.runSuitesLocally(TestNG.java:1176)\r\n\tat org.testng.TestNG.runSuites(TestNG.java:1099)\r\n\tat org.testng.TestNG.run(TestNG.java:1067)\r\n\tat com.intellij.rt.testng.IDEARemoteTestNG.run(IDEARemoteTestNG.java:66)\r\n\tat com.intellij.rt.testng.RemoteTestNGStarter.main(RemoteTestNGStarter.java:109)\r\n"},"stage":"finished","steps":[],"attachments":[],"parameters":[{"name":"responseErr","value":"com.spotify.oauth2.pojo.Error@518e9141"},{"name":"statuscode","value":"CODE_400"}],"start":1693219963374,"stop":1693219963374}],"attachments":[],"parameters":[],"start":1693219963011,"stop":1693219963374}