{"uuid":"a481da89-6897-4e77-9ab9-51fa32432784","historyId":"9bf5503a33b589419dfb0a6239ed3c1","fullName":"com.spotify.oauth2.tests.PlaylistTests.ShouldNotBeAbleToCreatePlaylistWithExpiredToken","labels":[{"name":"package","value":"com.spotify.oauth2.tests.PlaylistTests"},{"name":"testClass","value":"com.spotify.oauth2.tests.PlaylistTests"},{"name":"testMethod","value":"ShouldNotBeAbleToCreatePlaylistWithExpiredToken"},{"name":"parentSuite","value":"Default Suite"},{"name":"suite","value":"RestAssuredFramework"},{"name":"subSuite","value":"com.spotify.oauth2.tests.PlaylistTests"},{"name":"host","value":"wgin-ntb-195"},{"name":"thread","value":"26724@wgin-ntb-195.main(1)"},{"name":"framework","value":"testng"},{"name":"language","value":"java"},{"name":"feature","value":"Playlist API"},{"name":"epic","value":"Spotify Oauth 2.0"}],"links":[],"name":"ShouldNotBeAbleToCreatePlaylistWithExpiredToken","status":"failed","statusDetails":{"known":false,"muted":false,"flaky":false,"message":"\nExpected: <401>\n     but: was <400>","trace":"java.lang.AssertionError: \nExpected: <401>\n     but: was <400>\r\n\tat org.hamcrest.MatcherAssert.assertThat(MatcherAssert.java:18)\r\n\tat org.hamcrest.MatcherAssert.assertThat(MatcherAssert.java:6)\r\n\tat com.spotify.oauth2.tests.PlaylistTests.assertStatusCode(PlaylistTests.java:44)\r\n\tat com.spotify.oauth2.tests.PlaylistTests.ShouldNotBeAbleToCreatePlaylistWithExpiredToken(PlaylistTests.java:127)\r\n\tat java.base/jdk.internal.reflect.NativeMethodAccessorImpl.invoke0(Native Method)\r\n\tat java.base/jdk.internal.reflect.NativeMethodAccessorImpl.invoke(NativeMethodAccessorImpl.java:62)\r\n\tat java.base/jdk.internal.reflect.DelegatingMethodAccessorImpl.invoke(DelegatingMethodAccessorImpl.java:43)\r\n\tat java.base/java.lang.reflect.Method.invoke(Method.java:566)\r\n\tat org.testng.internal.invokers.MethodInvocationHelper.invokeMethod(MethodInvocationHelper.java:139)\r\n\tat org.testng.internal.invokers.TestInvoker.invokeMethod(TestInvoker.java:677)\r\n\tat org.testng.internal.invokers.TestInvoker.invokeTestMethod(TestInvoker.java:221)\r\n\tat org.testng.internal.invokers.MethodRunner.runInSequence(MethodRunner.java:50)\r\n\tat org.testng.internal.invokers.TestInvoker$MethodInvocationAgent.invoke(TestInvoker.java:969)\r\n\tat org.testng.internal.invokers.TestInvoker.invokeTestMethods(TestInvoker.java:194)\r\n\tat org.testng.internal.invokers.TestMethodWorker.invokeTestMethods(TestMethodWorker.java:148)\r\n\tat org.testng.internal.invokers.TestMethodWorker.run(TestMethodWorker.java:128)\r\n\tat java.base/java.util.ArrayList.forEach(ArrayList.java:1541)\r\n\tat org.testng.TestRunner.privateRun(TestRunner.java:829)\r\n\tat org.testng.TestRunner.run(TestRunner.java:602)\r\n\tat org.testng.SuiteRunner.runTest(SuiteRunner.java:437)\r\n\tat org.testng.SuiteRunner.runSequentially(SuiteRunner.java:431)\r\n\tat org.testng.SuiteRunner.privateRun(SuiteRunner.java:391)\r\n\tat org.testng.SuiteRunner.run(SuiteRunner.java:330)\r\n\tat org.testng.SuiteRunnerWorker.runSuite(SuiteRunnerWorker.java:52)\r\n\tat org.testng.SuiteRunnerWorker.run(SuiteRunnerWorker.java:95)\r\n\tat org.testng.TestNG.runSuitesSequentially(TestNG.java:1256)\r\n\tat org.testng.TestNG.runSuitesLocally(TestNG.java:1176)\r\n\tat org.testng.TestNG.runSuites(TestNG.java:1099)\r\n\tat org.testng.TestNG.run(TestNG.java:1067)\r\n\tat com.intellij.rt.testng.IDEARemoteTestNG.run(IDEARemoteTestNG.java:66)\r\n\tat com.intellij.rt.testng.RemoteTestNGStarter.main(RemoteTestNGStarter.java:109)\r\n"},"stage":"finished","steps":[{"name":"playlistBuilder","status":"passed","stage":"finished","steps":[],"attachments":[],"parameters":[{"name":"name","value":"Playlist Qr a__ j 5"},{"name":"description","value":"Description  &- _+ _++_ &9_+z-4# 0_&# @+__& k7_F7 +&s5&3&_S-#O"},{"name":"_public","value":"false"}],"start":1693219962680,"stop":1693219962680},{"name":"assertStatusCode","status":"failed","statusDetails":{"known":false,"muted":false,"flaky":false,"message":"\nExpected: <401>\n     but: was <400>","trace":"java.lang.AssertionError: \nExpected: <401>\n     but: was <400>\r\n\tat org.hamcrest.MatcherAssert.assertThat(MatcherAssert.java:18)\r\n\tat org.hamcrest.MatcherAssert.assertThat(MatcherAssert.java:6)\r\n\tat com.spotify.oauth2.tests.PlaylistTests.assertStatusCode(PlaylistTests.java:44)\r\n\tat com.spotify.oauth2.tests.PlaylistTests.ShouldNotBeAbleToCreatePlaylistWithExpiredToken(PlaylistTests.java:127)\r\n\tat java.base/jdk.internal.reflect.NativeMethodAccessorImpl.invoke0(Native Method)\r\n\tat java.base/jdk.internal.reflect.NativeMethodAccessorImpl.invoke(NativeMethodAccessorImpl.java:62)\r\n\tat java.base/jdk.internal.reflect.DelegatingMethodAccessorImpl.invoke(DelegatingMethodAccessorImpl.java:43)\r\n\tat java.base/java.lang.reflect.Method.invoke(Method.java:566)\r\n\tat org.testng.internal.invokers.MethodInvocationHelper.invokeMethod(MethodInvocationHelper.java:139)\r\n\tat org.testng.internal.invokers.TestInvoker.invokeMethod(TestInvoker.java:677)\r\n\tat org.testng.internal.invokers.TestInvoker.invokeTestMethod(TestInvoker.java:221)\r\n\tat org.testng.internal.invokers.MethodRunner.runInSequence(MethodRunner.java:50)\r\n\tat org.testng.internal.invokers.TestInvoker$MethodInvocationAgent.invoke(TestInvoker.java:969)\r\n\tat org.testng.internal.invokers.TestInvoker.invokeTestMethods(TestInvoker.java:194)\r\n\tat org.testng.internal.invokers.TestMethodWorker.invokeTestMethods(TestMethodWorker.java:148)\r\n\tat org.testng.internal.invokers.TestMethodWorker.run(TestMethodWorker.java:128)\r\n\tat java.base/java.util.ArrayList.forEach(ArrayList.java:1541)\r\n\tat org.testng.TestRunner.privateRun(TestRunner.java:829)\r\n\tat org.testng.TestRunner.run(TestRunner.java:602)\r\n\tat org.testng.SuiteRunner.runTest(SuiteRunner.java:437)\r\n\tat org.testng.SuiteRunner.runSequentially(SuiteRunner.java:431)\r\n\tat org.testng.SuiteRunner.privateRun(SuiteRunner.java:391)\r\n\tat org.testng.SuiteRunner.run(SuiteRunner.java:330)\r\n\tat org.testng.SuiteRunnerWorker.runSuite(SuiteRunnerWorker.java:52)\r\n\tat org.testng.SuiteRunnerWorker.run(SuiteRunnerWorker.java:95)\r\n\tat org.testng.TestNG.runSuitesSequentially(TestNG.java:1256)\r\n\tat org.testng.TestNG.runSuitesLocally(TestNG.java:1176)\r\n\tat org.testng.TestNG.runSuites(TestNG.java:1099)\r\n\tat org.testng.TestNG.run(TestNG.java:1067)\r\n\tat com.intellij.rt.testng.IDEARemoteTestNG.run(IDEARemoteTestNG.java:66)\r\n\tat com.intellij.rt.testng.RemoteTestNGStarter.main(RemoteTestNGStarter.java:109)\r\n"},"stage":"finished","steps":[],"attachments":[],"parameters":[{"name":"actualStatusCode","value":"400"},{"name":"statuscode","value":"CODE_401"}],"start":1693219962999,"stop":1693219962999}],"attachments":[{"name":"Request","source":"8f6666fc-5595-4e7d-8401-0217882aabff-attachment.html","type":"text/html"},{"name":"HTTP/1.1 400 Bad Request","source":"401285be-80ca-45fe-a284-273802e45a7e-attachment.html","type":"text/html"}],"parameters":[],"start":1693219962667,"stop":1693219963000}